Flutter crash report; please file at https://github.com/flutter/flutter/issues.

## command

flutter run -d chrome

## exception

StateError: Bad state: StreamSink is closed

```
#0      _StreamSinkImpl.add (dart:io/io_sink.dart:156:7)
#1      _Socket.add (dart:io-patch/socket_patch.dart:1868:38)
#2      _DetachedSocket.add (dart:_http/http_impl.dart:3070:13)
#3      _ByteAdapterSink.add (dart:convert/byte_conversion.dart:60:11)
#4      ByteConversionSinkBase.addSlice (dart:convert/byte_conversion.dart:45:5)
#5      _Utf8EncoderSink.addSlice (dart:convert/utf.dart:267:13)
#6      StringConversionSinkMixin.add (dart:convert/string_conversion.dart:165:5)
#7      SseConnection._setUpListener (package:sse/src/server/sse_handler.dart:73:15)
<asynchronous suspension>
#8      new SseConnection (package:sse/src/server/sse_handler.dart:53:15)
#9      SseHandler._createSseConnection.<anonymous closure> (package:sse/src/server/sse_handler.dart:161:26)
#10     _fromHttpRequest.onHijack.<anonymous closure> (package:shelf/shelf_io.dart:146:35)
#11     _rootRunUnary (dart:async/zone.dart:1192:38)
#12     _CustomZone.runUnary (dart:async/zone.dart:1085:19)
#13     _FutureListener.handleValue (dart:async/future_impl.dart:141:18)
#14     Future._propagateToListeners.handleValueCallback (dart:async/future_impl.dart:682:45)
#15     Future._propagateToListeners (dart:async/future_impl.dart:711:32)
#16     Future._completeWithValue (dart:async/future_impl.dart:526:5)
#17     Future._asyncComplete.<anonymous closure> (dart:async/future_impl.dart:556:7)
#18     _rootRun (dart:async/zone.dart:1184:13)
#19     _CustomZone.run (dart:async/zone.dart:1077:19)
#20     _CustomZone.runGuarded (dart:async/zone.dart:979:7)
#21     _CustomZone.bindCallbackGuarded.<anonymous closure> (dart:async/zone.dart:1019:23)
#22     _microtaskLoop (dart:async/schedule_microtask.dart:43:21)
#23     _startMicrotaskLoop (dart:async/schedule_microtask.dart:52:5)
#24     _runPendingImmediateCallback (dart:isolate-patch/isolate_patch.dart:118:13)
#25     _RawReceivePortImpl._handleMessage (dart:isolate-patch/isolate_patch.dart:169:5)
```

## flutter doctor

```
[✓] Flutter (Channel beta, v1.17.0, on Linux, locale en_GB.UTF-8)
    • Flutter version 1.17.0 at /home/default/Yashaswi workspace/Flutter project/flutter
    • Framework revision d3ed9ec945 (2 days ago), 2020-04-06 14:07:34 -0700
    • Engine revision c9506cb8e9
    • Dart version 2.8.0 (build 2.8.0-dev.18.0 eea9717938)

[✓] Android toolchain - develop for Android devices (Android SDK version 29.0.3)
    • Android SDK at /home/default/Android/Sdk
    • Platform android-29, build-tools 29.0.3
    • Java binary at: /home/default/android-studio/jre/bin/java
    • Java version OpenJDK Runtime Environment (build 1.8.0_202-release-1483-b49-5587405)
    • All Android licenses accepted.

[✓] Chrome - develop for the web
    • Chrome at google-chrome

[!] Android Studio (version 3.5)
    • Android Studio at /home/default/android-studio
    ✗ Flutter plugin not installed; this adds Flutter specific functionality.
    ✗ Dart plugin not installed; this adds Dart specific functionality.
    • Java version OpenJDK Runtime Environment (build 1.8.0_202-release-1483-b49-5587405)

[✓] VS Code (version 1.43.2)
    • VS Code at /usr/share/code
    • Flutter extension version 3.9.1

[✓] Connected device (3 available)
    • Android SDK built for x86 • emulator-5554 • android-x86    • Android 10 (API 29) (emulator)
    • Chrome                    • chrome        • web-javascript • Google Chrome 80.0.3987.106
    • Web Server                • web-server    • web-javascript • Flutter Tools

! Doctor found issues in 1 category.
```
